CRITICAL - 2024-09-16 14:49:31 --> CodeIgniter\Database\Exceptions\DataException: There is no data to insert.
[Method: POST, Route: authors]
in SYSTEMPATH/BaseModel.php on line 1833.
 1 SYSTEMPATH/BaseModel.php(1833): CodeIgniter\Database\Exceptions\DataException::forEmptyDataset('insert')
 2 SYSTEMPATH/BaseModel.php(806): CodeIgniter\BaseModel->transformDataToArray([], 'insert')
 3 SYSTEMPATH/Model.php(802): CodeIgniter\BaseModel->insert([], true)
 4 APPPATH/Controllers/AuthorsController.php(39): CodeIgniter\Model->insert([])
 5 SYSTEMPATH/CodeIgniter.php(933): App\Controllers\AuthorsController->create()
 6 SYSTEMPATH/CodeIgniter.php(509): CodeIgniter\CodeIgniter->runController(Object(App\Controllers\AuthorsController))
 7 SYSTEMPATH/CodeIgniter.php(355): CodeIgniter\CodeIgniter->handleRequest(null, Object(Config\Cache), false)
 8 SYSTEMPATH/Boot.php(325): CodeIgniter\CodeIgniter->run()
 9 SYSTEMPATH/Boot.php(67): CodeIgniter\Boot::runCodeIgniter(Object(CodeIgniter\CodeIgniter))
10 FCPATH/index.php(56): CodeIgniter\Boot::bootWeb(Object(Config\Paths))
CRITICAL - 2024-09-16 14:52:11 --> CodeIgniter\Database\Exceptions\DataException: There is no data to insert.
[Method: POST, Route: authors]
in SYSTEMPATH/BaseModel.php on line 1833.
 1 SYSTEMPATH/BaseModel.php(1833): CodeIgniter\Database\Exceptions\DataException::forEmptyDataset('insert')
 2 SYSTEMPATH/BaseModel.php(806): CodeIgniter\BaseModel->transformDataToArray([], 'insert')
 3 SYSTEMPATH/Model.php(802): CodeIgniter\BaseModel->insert([], true)
 4 APPPATH/Controllers/AuthorsController.php(39): CodeIgniter\Model->insert([])
 5 SYSTEMPATH/CodeIgniter.php(933): App\Controllers\AuthorsController->create()
 6 SYSTEMPATH/CodeIgniter.php(509): CodeIgniter\CodeIgniter->runController(Object(App\Controllers\AuthorsController))
 7 SYSTEMPATH/CodeIgniter.php(355): CodeIgniter\CodeIgniter->handleRequest(null, Object(Config\Cache), false)
 8 SYSTEMPATH/Boot.php(325): CodeIgniter\CodeIgniter->run()
 9 SYSTEMPATH/Boot.php(67): CodeIgniter\Boot::runCodeIgniter(Object(CodeIgniter\CodeIgniter))
10 FCPATH/index.php(56): CodeIgniter\Boot::bootWeb(Object(Config\Paths))
CRITICAL - 2024-09-16 14:57:45 --> CodeIgniter\Database\Exceptions\DataException: There is no data to insert.
[Method: POST, Route: authors]
in SYSTEMPATH/BaseModel.php on line 1833.
 1 SYSTEMPATH/BaseModel.php(1833): CodeIgniter\Database\Exceptions\DataException::forEmptyDataset('insert')
 2 SYSTEMPATH/BaseModel.php(806): CodeIgniter\BaseModel->transformDataToArray([], 'insert')
 3 SYSTEMPATH/Model.php(802): CodeIgniter\BaseModel->insert([], true)
 4 APPPATH/Controllers/AuthorsController.php(39): CodeIgniter\Model->insert([])
 5 SYSTEMPATH/CodeIgniter.php(933): App\Controllers\AuthorsController->create()
 6 SYSTEMPATH/CodeIgniter.php(509): CodeIgniter\CodeIgniter->runController(Object(App\Controllers\AuthorsController))
 7 SYSTEMPATH/CodeIgniter.php(355): CodeIgniter\CodeIgniter->handleRequest(null, Object(Config\Cache), false)
 8 SYSTEMPATH/Boot.php(325): CodeIgniter\CodeIgniter->run()
 9 SYSTEMPATH/Boot.php(67): CodeIgniter\Boot::runCodeIgniter(Object(CodeIgniter\CodeIgniter))
10 FCPATH/index.php(56): CodeIgniter\Boot::bootWeb(Object(Config\Paths))
CRITICAL - 2024-09-16 14:58:56 --> CodeIgniter\Database\Exceptions\DataException: There is no data to insert.
[Method: POST, Route: authors]
in SYSTEMPATH/BaseModel.php on line 1833.
 1 SYSTEMPATH/BaseModel.php(1833): CodeIgniter\Database\Exceptions\DataException::forEmptyDataset('insert')
 2 SYSTEMPATH/BaseModel.php(806): CodeIgniter\BaseModel->transformDataToArray([], 'insert')
 3 SYSTEMPATH/Model.php(802): CodeIgniter\BaseModel->insert([], true)
 4 APPPATH/Controllers/AuthorsController.php(33): CodeIgniter\Model->insert([])
 5 SYSTEMPATH/CodeIgniter.php(933): App\Controllers\AuthorsController->create()
 6 SYSTEMPATH/CodeIgniter.php(509): CodeIgniter\CodeIgniter->runController(Object(App\Controllers\AuthorsController))
 7 SYSTEMPATH/CodeIgniter.php(355): CodeIgniter\CodeIgniter->handleRequest(null, Object(Config\Cache), false)
 8 SYSTEMPATH/Boot.php(325): CodeIgniter\CodeIgniter->run()
 9 SYSTEMPATH/Boot.php(67): CodeIgniter\Boot::runCodeIgniter(Object(CodeIgniter\CodeIgniter))
10 FCPATH/index.php(56): CodeIgniter\Boot::bootWeb(Object(Config\Paths))
CRITICAL - 2024-09-16 16:49:45 --> CodeIgniter\Database\Exceptions\DataException: There is no data to update.
[Method: PUT, Route: authors/1]
in SYSTEMPATH/BaseModel.php on line 1011.
 1 SYSTEMPATH/BaseModel.php(1011): CodeIgniter\Database\Exceptions\DataException::forEmptyDataset('update')
 2 SYSTEMPATH/Model.php(865): CodeIgniter\BaseModel->update([...], [])
 3 APPPATH/Controllers/AuthorsController.php(51): CodeIgniter\Model->update('1', [...])
 4 SYSTEMPATH/CodeIgniter.php(933): App\Controllers\AuthorsController->update('1')
 5 SYSTEMPATH/CodeIgniter.php(509): CodeIgniter\CodeIgniter->runController(Object(App\Controllers\AuthorsController))
 6 SYSTEMPATH/CodeIgniter.php(355): CodeIgniter\CodeIgniter->handleRequest(null, Object(Config\Cache), false)
 7 SYSTEMPATH/Boot.php(325): CodeIgniter\CodeIgniter->run()
 8 SYSTEMPATH/Boot.php(67): CodeIgniter\Boot::runCodeIgniter(Object(CodeIgniter\CodeIgniter))
 9 FCPATH/index.php(56): CodeIgniter\Boot::bootWeb(Object(Config\Paths))
CRITICAL - 2024-09-16 17:37:02 --> CodeIgniter\Database\Exceptions\DataException: There is no data to insert.
[Method: POST, Route: books]
in SYSTEMPATH/BaseModel.php on line 1833.
 1 SYSTEMPATH/BaseModel.php(1833): CodeIgniter\Database\Exceptions\DataException::forEmptyDataset('insert')
 2 SYSTEMPATH/BaseModel.php(806): CodeIgniter\BaseModel->transformDataToArray([], 'insert')
 3 SYSTEMPATH/Model.php(802): CodeIgniter\BaseModel->insert([], true)
 4 APPPATH/Controllers/BooksController.php(30): CodeIgniter\Model->insert([])
 5 SYSTEMPATH/CodeIgniter.php(933): App\Controllers\BooksController->create()
 6 SYSTEMPATH/CodeIgniter.php(509): CodeIgniter\CodeIgniter->runController(Object(App\Controllers\BooksController))
 7 SYSTEMPATH/CodeIgniter.php(355): CodeIgniter\CodeIgniter->handleRequest(null, Object(Config\Cache), false)
 8 SYSTEMPATH/Boot.php(325): CodeIgniter\CodeIgniter->run()
 9 SYSTEMPATH/Boot.php(67): CodeIgniter\Boot::runCodeIgniter(Object(CodeIgniter\CodeIgniter))
10 FCPATH/index.php(56): CodeIgniter\Boot::bootWeb(Object(Config\Paths))
CRITICAL - 2024-09-16 17:40:58 --> CodeIgniter\Database\Exceptions\DataException: There is no data to insert.
[Method: POST, Route: books]
in SYSTEMPATH/BaseModel.php on line 1833.
 1 SYSTEMPATH/BaseModel.php(1833): CodeIgniter\Database\Exceptions\DataException::forEmptyDataset('insert')
 2 SYSTEMPATH/BaseModel.php(806): CodeIgniter\BaseModel->transformDataToArray([], 'insert')
 3 SYSTEMPATH/Model.php(802): CodeIgniter\BaseModel->insert([], true)
 4 APPPATH/Controllers/BooksController.php(37): CodeIgniter\Model->insert([])
 5 SYSTEMPATH/CodeIgniter.php(933): App\Controllers\BooksController->create()
 6 SYSTEMPATH/CodeIgniter.php(509): CodeIgniter\CodeIgniter->runController(Object(App\Controllers\BooksController))
 7 SYSTEMPATH/CodeIgniter.php(355): CodeIgniter\CodeIgniter->handleRequest(null, Object(Config\Cache), false)
 8 SYSTEMPATH/Boot.php(325): CodeIgniter\CodeIgniter->run()
 9 SYSTEMPATH/Boot.php(67): CodeIgniter\Boot::runCodeIgniter(Object(CodeIgniter\CodeIgniter))
10 FCPATH/index.php(56): CodeIgniter\Boot::bootWeb(Object(Config\Paths))
CRITICAL - 2024-09-16 17:42:36 --> CodeIgniter\Database\Exceptions\DataException: There is no data to insert.
[Method: POST, Route: books]
in SYSTEMPATH/BaseModel.php on line 1833.
 1 SYSTEMPATH/BaseModel.php(1833): CodeIgniter\Database\Exceptions\DataException::forEmptyDataset('insert')
 2 SYSTEMPATH/BaseModel.php(806): CodeIgniter\BaseModel->transformDataToArray([], 'insert')
 3 SYSTEMPATH/Model.php(802): CodeIgniter\BaseModel->insert([], true)
 4 APPPATH/Controllers/BooksController.php(37): CodeIgniter\Model->insert([])
 5 SYSTEMPATH/CodeIgniter.php(933): App\Controllers\BooksController->create()
 6 SYSTEMPATH/CodeIgniter.php(509): CodeIgniter\CodeIgniter->runController(Object(App\Controllers\BooksController))
 7 SYSTEMPATH/CodeIgniter.php(355): CodeIgniter\CodeIgniter->handleRequest(null, Object(Config\Cache), false)
 8 SYSTEMPATH/Boot.php(325): CodeIgniter\CodeIgniter->run()
 9 SYSTEMPATH/Boot.php(67): CodeIgniter\Boot::runCodeIgniter(Object(CodeIgniter\CodeIgniter))
10 FCPATH/index.php(56): CodeIgniter\Boot::bootWeb(Object(Config\Paths))
CRITICAL - 2024-09-16 17:52:13 --> CodeIgniter\Database\Exceptions\DataException: There is no data to update.
[Method: PUT, Route: books/1]
in SYSTEMPATH/BaseModel.php on line 1011.
 1 SYSTEMPATH/BaseModel.php(1011): CodeIgniter\Database\Exceptions\DataException::forEmptyDataset('update')
 2 SYSTEMPATH/Model.php(865): CodeIgniter\BaseModel->update([...], [])
 3 APPPATH/Controllers/BooksController.php(57): CodeIgniter\Model->update('1', [...])
 4 SYSTEMPATH/CodeIgniter.php(933): App\Controllers\BooksController->update('1')
 5 SYSTEMPATH/CodeIgniter.php(509): CodeIgniter\CodeIgniter->runController(Object(App\Controllers\BooksController))
 6 SYSTEMPATH/CodeIgniter.php(355): CodeIgniter\CodeIgniter->handleRequest(null, Object(Config\Cache), false)
 7 SYSTEMPATH/Boot.php(325): CodeIgniter\CodeIgniter->run()
 8 SYSTEMPATH/Boot.php(67): CodeIgniter\Boot::runCodeIgniter(Object(CodeIgniter\CodeIgniter))
 9 FCPATH/index.php(56): CodeIgniter\Boot::bootWeb(Object(Config\Paths))
